<?xml version="1.0" encoding="UTF-8"?>
<!-- Generated by org.testng.reporters.JUnitReportReporter -->
<testsuite hostname="DESKTOP-HF62H9F" failures="0" tests="1" name="demo.Sample" time="0.036" errors="0" timestamp="2024-07-26T12:13:11 IST" skipped="0">
  <testcase classname="demo.Sample" name="demo" time="0.036"/>
  <system-out>
    <![CDATA[Sample class executed]]>
  </system-out>
</testsuite> <!-- demo.Sample -->
